\BOOKMARK [1][-]{section*.5}{Einleitung}{}% 1
\BOOKMARK [2][-]{section*.6}{Mismatch Negativity \(MMN\) und das Oddball Paradigma}{section*.5}% 2
\BOOKMARK [2][-]{section*.7}{Komplexe Regelerkennung}{section*.5}% 3
\BOOKMARK [2][-]{section*.9}{Lernen prozeduralen Wissens}{section*.5}% 4
\BOOKMARK [2][-]{section*.10}{Hypothese}{section*.5}% 5
\BOOKMARK [1][-]{section*.11}{Methoden}{}% 6
\BOOKMARK [2][-]{section*.12}{Probanden}{section*.11}% 7
\BOOKMARK [2][-]{section*.13}{Versuchsaufbau}{section*.11}% 8
\BOOKMARK [2][-]{section*.15}{Stimuli}{section*.11}% 9
\BOOKMARK [2][-]{section*.16}{Ablauf}{section*.11}% 10
\BOOKMARK [1][-]{section*.24}{Ergebnisse}{}% 11
\BOOKMARK [1][-]{section*.27}{Diskussion}{}% 12
\BOOKMARK [2][-]{section*.28}{Sensorische Verarbeitung}{section*.27}% 13
\BOOKMARK [2][-]{section*.29}{Phase der Gehirnoszillation}{section*.27}% 14
\BOOKMARK [2][-]{section*.30}{Lernbedingungen und Lernmethodik}{section*.27}% 15
\BOOKMARK [1][-]{section*.33}{Post-Hoc-Analysen}{}% 16
\BOOKMARK [2][-]{section*.34}{Effekte in den langsamen Bl\366cken}{section*.33}% 17
\BOOKMARK [2][-]{section*.35}{Effekte unterschiedlicher Strategien}{section*.33}% 18
\BOOKMARK [2][-]{section*.37}{Effekte von Musikalit\344t}{section*.33}% 19
\BOOKMARK [2][-]{section*.39}{Klassifikation}{section*.33}% 20
\BOOKMARK [2][-]{section*.40}{Einordnung der Beispiele}{section*.33}% 21
\BOOKMARK [1][-]{section*.41}{Zusammenfassung und Fazit}{}% 22
\BOOKMARK [1][-]{section*.42}{Literaturverzeichnis}{}% 23
